Determining if the pthread_create exist failed with the following output:
Change Dir: /home/ubuntu/catkin_ws5/build/CMakeFiles/CMakeTmp

Run Build Command:"/usr/bin/make" "cmTC_15848/fast"
/usr/bin/make -f CMakeFiles/cmTC_15848.dir/build.make CMakeFiles/cmTC_15848.dir/build
make[1]: Entering directory '/home/ubuntu/catkin_ws5/build/CMakeFiles/CMakeTmp'
Building C object CMakeFiles/cmTC_15848.dir/CheckSymbolExists.c.o
/usr/bin/cc     -o CMakeFiles/cmTC_15848.dir/CheckSymbolExists.c.o   -c /home/ubuntu/catkin_ws5/build/CMakeFiles/CMakeTmp/CheckSymbolExists.c
Linking C executable cmTC_15848
/usr/bin/cmake -E cmake_link_script CMakeFiles/cmTC_15848.dir/link.txt --verbose=1
/usr/bin/cc       CMakeFiles/cmTC_15848.dir/CheckSymbolExists.c.o  -o cmTC_15848 -rdynamic 
CMakeFiles/cmTC_15848.dir/CheckSymbolExists.c.o: In function `main':
CheckSymbolExists.c:(.text+0xe): undefined reference to `pthread_create'
CheckSymbolExists.c:(.text+0x12): undefined reference to `pthread_create'
collect2: error: ld returned 1 exit status
CMakeFiles/cmTC_15848.dir/build.make:97: recipe for target 'cmTC_15848' failed
make[1]: *** [cmTC_15848] Error 1
make[1]: Leaving directory '/home/ubuntu/catkin_ws5/build/CMakeFiles/CMakeTmp'
Makefile:126: recipe for target 'cmTC_15848/fast' failed
make: *** [cmTC_15848/fast] Error 2

File /home/ubuntu/catkin_ws5/build/CMakeFiles/CMakeTmp/CheckSymbolExists.c:
/* */
#include <pthread.h>

int main(int argc, char** argv)
{
  (void)argv;
#ifndef pthread_create
  return ((int*)(&pthread_create))[argc];
#else
  (void)argc;
  return 0;
#endif
}

Determining if the function pthread_create exists in the pthreads failed with the following output:
Change Dir: /home/ubuntu/catkin_ws5/build/CMakeFiles/CMakeTmp

Run Build Command:"/usr/bin/make" "cmTC_7594c/fast"
/usr/bin/make -f CMakeFiles/cmTC_7594c.dir/build.make CMakeFiles/cmTC_7594c.dir/build
make[1]: Entering directory '/home/ubuntu/catkin_ws5/build/CMakeFiles/CMakeTmp'
Building C object CMakeFiles/cmTC_7594c.dir/CheckFunctionExists.c.o
/usr/bin/cc    -DCHECK_FUNCTION_EXISTS=pthread_create   -o CMakeFiles/cmTC_7594c.dir/CheckFunctionExists.c.o   -c /usr/share/cmake-3.5/Modules/CheckFunctionExists.c
Linking C executable cmTC_7594c
/usr/bin/cmake -E cmake_link_script CMakeFiles/cmTC_7594c.dir/link.txt --verbose=1
/usr/bin/cc   -DCHECK_FUNCTION_EXISTS=pthread_create    CMakeFiles/cmTC_7594c.dir/CheckFunctionExists.c.o  -o cmTC_7594c -rdynamic -lpthreads 
/usr/bin/ld: cannot find -lpthreads
collect2: error: ld returned 1 exit status
CMakeFiles/cmTC_7594c.dir/build.make:97: recipe for target 'cmTC_7594c' failed
make[1]: *** [cmTC_7594c] Error 1
make[1]: Leaving directory '/home/ubuntu/catkin_ws5/build/CMakeFiles/CMakeTmp'
Makefile:126: recipe for target 'cmTC_7594c/fast' failed
make: *** [cmTC_7594c/fast] Error 2


